Checking src/CConfig.cpp...
1/10 files checked 3% done
Checking src/CDataset.cpp...
2/10 files checked 12% done
Checking src/CRForest.cpp...
Checking src/CRForest.cpp: __APPLE__...
3/10 files checked 24% done
Checking src/CRTree.cpp...
4/10 files checked 65% done
Checking src/HoG.cpp...
5/10 files checked 66% done
Checking src/ctlkinect.cpp...
6/10 files checked 70% done
Checking src/learning.cpp...
Checking src/learning.cpp: __APPLE__...
7/10 files checked 71% done
Checking src/objectPoseEstimation.cpp...
Checking src/objectPoseEstimation.cpp: __APPLE__...
8/10 files checked 74% done
Checking src/old/globjloader.cpp...
Checking src/old/globjloader.cpp: _WIN32...
Checking src/old/globjloader.cpp: __APPLE__...
9/10 files checked 83% done
Checking src/util.cpp...
10/10 files checked 100% done
Checking usage of global functions..
Checking src/CConfig.cpp...
1/10 files checked 3% done
Checking src/CDataset.cpp...
2/10 files checked 12% done
Checking src/CRForest.cpp...
Checking src/CRForest.cpp: __APPLE__...
3/10 files checked 24% done
Checking src/CRTree.cpp...
4/10 files checked 65% done
Checking src/HoG.cpp...
5/10 files checked 66% done
Checking src/ctlkinect.cpp...
6/10 files checked 70% done
Checking src/learning.cpp...
Checking src/learning.cpp: __APPLE__...
7/10 files checked 71% done
Checking src/objectPoseEstimation.cpp...
Checking src/objectPoseEstimation.cpp: __APPLE__...
8/10 files checked 74% done
Checking src/old/globjloader.cpp...
Checking src/old/globjloader.cpp: _WIN32...
Checking src/old/globjloader.cpp: __APPLE__...
9/10 files checked 83% done
Checking src/util.cpp...
10/10 files checked 100% done
Checking usage of global functions..
